# JRE version: OpenJDK Runtime Environment Corretto-11.0.11.9.1 (11.0.11+9) (build 11.0.11+9-LTS)
# Java VM: OpenJDK 64-Bit Server VM Corretto-11.0.11.9.1 (11.0.11+9-LTS, mixed mode, tiered, compressed oops, g1 gc, windows-amd64)
Heap:
 garbage-first heap   total 187392K, used 28672K [0x0000000082200000, 0x0000000100000000)
  region size 1024K, 7 young (7168K), 7 survivors (7168K)
 Metaspace       used 58784K, capacity 60337K, committed 60376K, reserved 1101824K
  class space    used 7548K, capacity 8179K, committed 8192K, reserved 1048576K
GC Heap History (17 events):
Event: 1.777 GC heap before
{Heap before GC invocations=0 (full 0):
 garbage-first heap   total 129024K, used 24576K [0x0000000082200000, 0x0000000100000000)
  region size 1024K, 24 young (24576K), 0 survivors (0K)
 Metaspace       used 13825K, capacity 14234K, committed 14464K, reserved 1062912K
  class space    used 1439K, capacity 1557K, committed 1664K, reserved 1048576K
}
Event: 1.791 GC heap after
{Heap after GC invocations=1 (full 0):
 garbage-first heap   total 129024K, used 9099K [0x0000000082200000, 0x0000000100000000)
  region size 1024K, 3 young (3072K), 3 survivors (3072K)
 Metaspace       used 13825K, capacity 14234K, committed 14464K, reserved 1062912K
  class space    used 1439K, capacity 1557K, committed 1664K, reserved 1048576K
}
Event: 2.132 GC heap before
{Heap before GC invocations=1 (full 0):
 garbage-first heap   total 129024K, used 27531K [0x0000000082200000, 0x0000000100000000)
  region size 1024K, 21 young (21504K), 3 survivors (3072K)
 Metaspace       used 17132K, capacity 17702K, committed 18048K, reserved 1064960K
  class space    used 1890K, capacity 2072K, committed 2176K, reserved 1048576K
}
Event: 2.139 GC heap after
{Heap after GC invocations=2 (full 0):
 garbage-first heap   total 129024K, used 10202K [0x0000000082200000, 0x0000000100000000)
  region size 1024K, 1 young (1024K), 1 survivors (1024K)
 Metaspace       used 17132K, capacity 17702K, committed 18048K, reserved 1064960K
  class space    used 1890K, capacity 2072K, committed 2176K, reserved 1048576K
}
Event: 2.555 GC heap before
{Heap before GC invocations=2 (full 0):
 garbage-first heap   total 129024K, used 31706K [0x0000000082200000, 0x0000000100000000)
  region size 1024K, 24 young (24576K), 1 survivors (1024K)
 Metaspace       used 20455K, capacity 21177K, committed 21296K, reserved 1069056K
  class space    used 2397K, capacity 2670K, committed 2688K, reserved 1048576K
}
Event: 2.563 GC heap after
{Heap after GC invocations=3 (full 0):
 garbage-first heap   total 129024K, used 11375K [0x0000000082200000, 0x0000000100000000)
  region size 1024K, 3 young (3072K), 3 survivors (3072K)
 Metaspace       used 20455K, capacity 21177K, committed 21296K, reserved 1069056K
  class space    used 2397K, capacity 2670K, committed 2688K, reserved 1048576K
}
Event: 2.992 GC heap before
{Heap before GC invocations=4 (full 0):
 garbage-first heap   total 129024K, used 59503K [0x0000000082200000, 0x0000000100000000)
  region size 1024K, 49 young (50176K), 3 survivors (3072K)
 Metaspace       used 26457K, capacity 27337K, committed 27520K, reserved 1073152K
  class space    used 3059K, capacity 3404K, committed 3456K, reserved 1048576K
}
Event: 3.001 GC heap after
{Heap after GC invocations=5 (full 0):
 garbage-first heap   total 129024K, used 12609K [0x0000000082200000, 0x0000000100000000)
  region size 1024K, 4 young (4096K), 4 survivors (4096K)
 Metaspace       used 26457K, capacity 27337K, committed 27520K, reserved 1073152K
  class space    used 3059K, capacity 3404K, committed 3456K, reserved 1048576K
}
Event: 3.456 GC heap before
{Heap before GC invocations=5 (full 0):
 garbage-first heap   total 129024K, used 84289K [0x0000000082200000, 0x0000000100000000)
  region size 1024K, 75 young (76800K), 4 survivors (4096K)
 Metaspace       used 29357K, capacity 30214K, committed 30464K, reserved 1075200K
  class space    used 3413K, capacity 3767K, committed 3840K, reserved 1048576K
}
Event: 3.465 GC heap after
{Heap after GC invocations=6 (full 0):
 garbage-first heap   total 155648K, used 13868K [0x0000000082200000, 0x0000000100000000)
  region size 1024K, 5 young (5120K), 5 survivors (5120K)
 Metaspace       used 29357K, capacity 30214K, committed 30464K, reserved 1075200K
  class space    used 3413K, capacity 3767K, committed 3840K, reserved 1048576K
}
Event: 4.847 GC heap before
{Heap before GC invocations=6 (full 0):
 garbage-first heap   total 155648K, used 88620K [0x0000000082200000, 0x0000000100000000)
  region size 1024K, 79 young (80896K), 5 survivors (5120K)
 Metaspace       used 34847K, capacity 35919K, committed 35968K, reserved 1081344K
  class space    used 4241K, capacity 4701K, committed 4736K, reserved 1048576K
}
Event: 4.872 GC heap after
{Heap after GC invocations=7 (full 0):
 garbage-first heap   total 155648K, used 16610K [0x0000000082200000, 0x0000000100000000)
  region size 1024K, 8 young (8192K), 8 survivors (8192K)
 Metaspace       used 34847K, capacity 35919K, committed 35968K, reserved 1081344K
  class space    used 4241K, capacity 4701K, committed 4736K, reserved 1048576K
}
Event: 7.529 GC heap before
{Heap before GC invocations=8 (full 0):
 garbage-first heap   total 155648K, used 101602K [0x0000000082200000, 0x0000000100000000)
  region size 1024K, 91 young (93184K), 8 survivors (8192K)
 Metaspace       used 48700K, capacity 50010K, committed 50304K, reserved 1093632K
  class space    used 6196K, capacity 6703K, committed 6784K, reserved 1048576K
}
Event: 7.560 GC heap after
{Heap after GC invocations=9 (full 0):
 garbage-first heap   total 155648K, used 21744K [0x0000000082200000, 0x0000000100000000)
  region size 1024K, 11 young (11264K), 11 survivors (11264K)
 Metaspace       used 48700K, capacity 50010K, committed 50304K, reserved 1093632K
  class space    used 6196K, capacity 6703K, committed 6784K, reserved 1048576K
}
Event: 15.534 GC heap before
{Heap before GC invocations=9 (full 0):
 garbage-first heap   total 155648K, used 103664K [0x0000000082200000, 0x0000000100000000)
  region size 1024K, 91 young (93184K), 11 survivors (11264K)
 Metaspace       used 54727K, capacity 56136K, committed 56320K, reserved 1097728K
  class space    used 7045K, capacity 7608K, committed 7680K, reserved 1048576K
}
Event: 15.558 GC heap after
{Heap after GC invocations=10 (full 0):
 garbage-first heap   total 155648K, used 25398K [0x0000000082200000, 0x0000000100000000)
  region size 1024K, 9 young (9216K), 9 survivors (9216K)
 Metaspace       used 54727K, capacity 56136K, committed 56320K, reserved 1097728K
  class space    used 7045K, capacity 7608K, committed 7680K, reserved 1048576K
}
Event: 16.800 GC heap before
{Heap before GC invocations=10 (full 0):
 garbage-first heap   total 155648K, used 102198K [0x0000000082200000, 0x0000000100000000)
  region size 1024K, 85 young (87040K), 9 survivors (9216K)
 Metaspace       used 58784K, capacity 60337K, committed 60376K, reserved 1101824K
  class space    used 7548K, capacity 8179K, committed 8192K, reserved 1048576K
}

