# JRE version: OpenJDK Runtime Environment Corretto-11.0.11.9.1 (11.0.11+9) (build 11.0.11+9-LTS)
# Java VM: OpenJDK 64-Bit Server VM Corretto-11.0.11.9.1 (11.0.11+9-LTS, mixed mode, tiered, compressed oops, g1 gc, windows-amd64)
Heap:
 garbage-first heap   total 129024K, used 14766K [0x0000000082200000, 0x0000000100000000)
  region size 1024K, 6 young (6144K), 6 survivors (6144K)
 Metaspace       used 32290K, capacity 33256K, committed 33328K, reserved 1093632K
  class space    used 3798K, capacity 4195K, committed 4224K, reserved 1048576K
GC Heap History (14 events):
Event: 3.249 GC heap before
{Heap before GC invocations=0 (full 0):
 garbage-first heap   total 129024K, used 24576K [0x0000000082200000, 0x0000000100000000)
  region size 1024K, 24 young (24576K), 0 survivors (0K)
 Metaspace       used 13337K, capacity 13739K, committed 13824K, reserved 1060864K
  class space    used 1362K, capacity 1476K, committed 1536K, reserved 1048576K
}
Event: 3.262 GC heap after
{Heap after GC invocations=1 (full 0):
 garbage-first heap   total 129024K, used 8889K [0x0000000082200000, 0x0000000100000000)
  region size 1024K, 3 young (3072K), 3 survivors (3072K)
 Metaspace       used 13337K, capacity 13739K, committed 13824K, reserved 1060864K
  class space    used 1362K, capacity 1476K, committed 1536K, reserved 1048576K
}
Event: 3.681 GC heap before
{Heap before GC invocations=1 (full 0):
 garbage-first heap   total 129024K, used 24249K [0x0000000082200000, 0x0000000100000000)
  region size 1024K, 18 young (18432K), 3 survivors (3072K)
 Metaspace       used 14985K, capacity 15429K, committed 15616K, reserved 1062912K
  class space    used 1593K, capacity 1748K, committed 1792K, reserved 1048576K
}
Event: 3.688 GC heap after
{Heap after GC invocations=2 (full 0):
 garbage-first heap   total 129024K, used 9452K [0x0000000082200000, 0x0000000100000000)
  region size 1024K, 1 young (1024K), 1 survivors (1024K)
 Metaspace       used 14985K, capacity 15429K, committed 15616K, reserved 1062912K
  class space    used 1593K, capacity 1748K, committed 1792K, reserved 1048576K
}
Event: 4.606 GC heap before
{Heap before GC invocations=2 (full 0):
 garbage-first heap   total 129024K, used 45292K [0x0000000082200000, 0x0000000100000000)
  region size 1024K, 37 young (37888K), 1 survivors (1024K)
 Metaspace       used 20509K, capacity 21228K, committed 21296K, reserved 1069056K
  class space    used 2371K, capacity 2662K, committed 2688K, reserved 1048576K
}
Event: 4.614 GC heap after
{Heap after GC invocations=3 (full 0):
 garbage-first heap   total 129024K, used 11275K [0x0000000082200000, 0x0000000100000000)
  region size 1024K, 3 young (3072K), 3 survivors (3072K)
 Metaspace       used 20509K, capacity 21228K, committed 21296K, reserved 1069056K
  class space    used 2371K, capacity 2662K, committed 2688K, reserved 1048576K
}
Event: 5.211 GC heap before
{Heap before GC invocations=4 (full 0):
 garbage-first heap   total 129024K, used 62475K [0x0000000082200000, 0x0000000100000000)
  region size 1024K, 52 young (53248K), 3 survivors (3072K)
 Metaspace       used 26838K, capacity 27667K, committed 27952K, reserved 1073152K
  class space    used 3053K, capacity 3403K, committed 3456K, reserved 1048576K
}
Event: 5.224 GC heap after
{Heap after GC invocations=5 (full 0):
 garbage-first heap   total 129024K, used 12373K [0x0000000082200000, 0x0000000100000000)
  region size 1024K, 4 young (4096K), 4 survivors (4096K)
 Metaspace       used 26838K, capacity 27667K, committed 27952K, reserved 1073152K
  class space    used 3053K, capacity 3403K, committed 3456K, reserved 1048576K
}
Event: 5.734 GC heap before
{Heap before GC invocations=6 (full 0):
 garbage-first heap   total 129024K, used 75861K [0x0000000082200000, 0x0000000100000000)
  region size 1024K, 67 young (68608K), 4 survivors (4096K)
 Metaspace       used 29765K, capacity 30707K, committed 30896K, reserved 1077248K
  class space    used 3446K, capacity 3799K, committed 3840K, reserved 1048576K
}
Event: 5.860 GC heap after
{Heap after GC invocations=7 (full 0):
 garbage-first heap   total 129024K, used 13848K [0x0000000082200000, 0x0000000100000000)
  region size 1024K, 5 young (5120K), 5 survivors (5120K)
 Metaspace       used 29765K, capacity 30707K, committed 30896K, reserved 1077248K
  class space    used 3446K, capacity 3799K, committed 3840K, reserved 1048576K
}
Event: 6.696 GC heap before
{Heap before GC invocations=7 (full 0):
 garbage-first heap   total 129024K, used 63000K [0x0000000082200000, 0x0000000100000000)
  region size 1024K, 55 young (56320K), 5 survivors (5120K)
 Metaspace       used 32025K, capacity 32999K, committed 33072K, reserved 1085440K
  class space    used 3753K, capacity 4151K, committed 4224K, reserved 1048576K
}
Event: 6.715 GC heap after
{Heap after GC invocations=8 (full 0):
 garbage-first heap   total 129024K, used 14622K [0x0000000082200000, 0x0000000100000000)
  region size 1024K, 6 young (6144K), 6 survivors (6144K)
 Metaspace       used 32025K, capacity 32999K, committed 33072K, reserved 1085440K
  class space    used 3753K, capacity 4151K, committed 4224K, reserved 1048576K
}
Event: 6.786 GC heap before
{Heap before GC invocations=9 (full 0):
 garbage-first heap   total 129024K, used 16670K [0x0000000082200000, 0x0000000100000000)
  region size 1024K, 9 young (9216K), 6 survivors (6144K)
 Metaspace       used 32290K, capacity 33256K, committed 33328K, reserved 1091584K
  class space    used 3798K, capacity 4195K, committed 4224K, reserved 1048576K
}
Event: 6.801 GC heap after
{Heap after GC invocations=10 (full 0):
 garbage-first heap   total 129024K, used 14766K [0x0000000082200000, 0x0000000100000000)
  region size 1024K, 6 young (6144K), 6 survivors (6144K)
 Metaspace       used 32290K, capacity 33256K, committed 33328K, reserved 1091584K
  class space    used 3798K, capacity 4195K, committed 4224K, reserved 1048576K
}

